\BOOKMARK [1][-]{section.1}{\376\377\000I\000n\000t\000r\000o\000d\000u\000c\000c\000i\000\363\000n}{}% 1
\BOOKMARK [1][-]{section.2}{\376\377\000M\000e\000t\000o\000d\000o\000l\000o\000g\000\355\000a\000\040\000C\000o\000m\000p\000u\000t\000a\000c\000i\000o\000n\000a\000l}{}% 2
\BOOKMARK [2][-]{subsection.2.1}{\376\377\000E\000n\000t\000o\000r\000n\000o\000\040\000d\000e\000\040\000D\000e\000s\000a\000r\000r\000o\000l\000l\000o}{section.2}% 3
\BOOKMARK [2][-]{subsection.2.2}{\376\377\000L\000i\000b\000r\000e\000r\000\355\000a\000s\000\040\000U\000t\000i\000l\000i\000z\000a\000d\000a\000s}{section.2}% 4
\BOOKMARK [2][-]{subsection.2.3}{\376\377\000M\000\363\000d\000u\000l\000o\000\040\000P\000e\000r\000s\000o\000n\000a\000l\000i\000z\000a\000d\000o}{section.2}% 5
\BOOKMARK [3][-]{subsubsection.2.3.1}{\376\377\000A\000l\000g\000o\000r\000i\000t\000m\000o\000s\000\040\000M\000C\000M\000C}{subsection.2.3}% 6
\BOOKMARK [3][-]{subsubsection.2.3.2}{\376\377\000F\000u\000n\000c\000i\000o\000n\000e\000s\000\040\000A\000u\000x\000i\000l\000i\000a\000r\000e\000s}{subsection.2.3}% 7
\BOOKMARK [2][-]{subsection.2.4}{\376\377\000A\000l\000g\000o\000r\000i\000t\000m\000o\000s\000\040\000I\000m\000p\000l\000e\000m\000e\000n\000t\000a\000d\000o\000s}{section.2}% 8
\BOOKMARK [3][-]{subsubsection.2.4.1}{\376\377\000M\000e\000t\000r\000o\000p\000o\000l\000i\000s\000-\000H\000a\000s\000t\000i\000n\000g\000s}{subsection.2.4}% 9
\BOOKMARK [3][-]{subsubsection.2.4.2}{\376\377\000D\000e\000s\000c\000e\000n\000s\000o\000\040\000p\000o\000r\000\040\000G\000r\000a\000d\000i\000e\000n\000t\000e}{subsection.2.4}% 10
\BOOKMARK [2][-]{subsection.2.5}{\376\377\000C\000o\000n\000f\000i\000g\000u\000r\000a\000c\000i\000\363\000n\000\040\000d\000e\000\040\000R\000e\000p\000r\000o\000d\000u\000c\000i\000b\000i\000l\000i\000d\000a\000d}{section.2}% 11
\BOOKMARK [2][-]{subsection.2.6}{\376\377\000M\000a\000n\000e\000j\000o\000\040\000d\000e\000\040\000D\000a\000t\000o\000s}{section.2}% 12
\BOOKMARK [3][-]{subsubsection.2.6.1}{\376\377\000D\000a\000t\000o\000s\000\040\000S\000i\000n\000t\000\351\000t\000i\000c\000o\000s}{subsection.2.6}% 13
\BOOKMARK [3][-]{subsubsection.2.6.2}{\376\377\000D\000a\000t\000o\000s\000\040\000R\000e\000a\000l\000e\000s}{subsection.2.6}% 14
\BOOKMARK [2][-]{subsection.2.7}{\376\377\000D\000i\000a\000g\000n\000\363\000s\000t\000i\000c\000o\000s\000\040\000I\000m\000p\000l\000e\000m\000e\000n\000t\000a\000d\000o\000s}{section.2}% 15
\BOOKMARK [3][-]{subsubsection.2.7.1}{\376\377\000C\000o\000n\000v\000e\000r\000g\000e\000n\000c\000i\000a\000\040\000M\000C\000M\000C}{subsection.2.7}% 16
\BOOKMARK [3][-]{subsubsection.2.7.2}{\376\377\000C\000a\000l\000i\000d\000a\000d\000\040\000d\000e\000\040\000A\000j\000u\000s\000t\000e}{subsection.2.7}% 17
\BOOKMARK [1][-]{section.3}{\376\377\000E\000j\000e\000r\000c\000i\000c\000i\000o\000\040\0001\000:\000\040\000R\000e\000g\000r\000e\000s\000i\000\363\000n\000\040\000L\000i\000n\000e\000a\000l\000\040\000c\000o\000n\000\040\000M\000C\000M\000C}{}% 18
\BOOKMARK [2][-]{subsection.3.1}{\376\377\000I\000m\000p\000l\000e\000m\000e\000n\000t\000a\000c\000i\000\363\000n\000\040\000M\000C\000M\000C}{section.3}% 19
\BOOKMARK [2][-]{subsection.3.2}{\376\377\000R\000e\000s\000u\000l\000t\000a\000d\000o\000s}{section.3}% 20
\BOOKMARK [1][-]{section.4}{\376\377\000E\000j\000e\000r\000c\000i\000c\000i\000o\000\040\0002\000:\000\040\000D\000a\000t\000o\000s\000\040\000d\000e\000\040\000B\000l\000a\000n\000t\000o\000n\000\040\000e\000t\000\040\000a\000l\000.\000\040\000\050\0002\0000\0000\0001\000\051}{}% 21
\BOOKMARK [1][-]{section.5}{\376\377\000E\000j\000e\000r\000c\000i\000c\000i\000o\000\040\0003\000:\000\040\000A\000j\000u\000s\000t\000e\000\040\000d\000e\000\040\000l\000a\000\040\000F\000u\000n\000c\000i\000\363\000n\000\040\000d\000e\000\040\000S\000c\000h\000e\000c\000h\000t\000e\000r}{}% 22
\BOOKMARK [2][-]{subsection.5.1}{\376\377\000P\000a\000r\000\341\000m\000e\000t\000r\000o\000s\000\040\000d\000e\000l\000\040\000M\000o\000d\000e\000l\000o}{section.5}% 23
\BOOKMARK [2][-]{subsection.5.2}{\376\377\000P\000a\000r\000\341\000m\000e\000t\000r\000o\000s\000\040\000E\000s\000t\000i\000m\000a\000d\000o\000s}{section.5}% 24
\BOOKMARK [1][-]{section.6}{\376\377\000E\000j\000e\000r\000c\000i\000c\000i\000o\000\040\0004\000:\000\040\000A\000n\000\341\000l\000i\000s\000i\000s\000\040\000d\000e\000\040\000M\000e\000z\000c\000l\000a\000d\000o}{}% 25
\BOOKMARK [2][-]{subsection.6.1}{\376\377\000C\000o\000n\000d\000i\000c\000i\000o\000n\000e\000s\000\040\000E\000x\000p\000e\000r\000i\000m\000e\000n\000t\000a\000l\000e\000s}{section.6}% 26
\BOOKMARK [2][-]{subsection.6.2}{\376\377\000H\000e\000r\000r\000a\000m\000i\000e\000n\000t\000a\000s\000\040\000d\000e\000\040\000D\000i\000a\000g\000n\000\363\000s\000t\000i\000c\000o}{section.6}% 27
\BOOKMARK [1][-]{section.7}{\376\377\000E\000j\000e\000r\000c\000i\000c\000i\000o\000\040\0005\000:\000\040\000M\000\372\000l\000t\000i\000p\000l\000e\000s\000\040\000C\000a\000d\000e\000n\000a\000s\000\040\000c\000o\000n\000\040\000B\000u\000e\000n\000\040\000M\000e\000z\000c\000l\000a\000d\000o}{}% 28
\BOOKMARK [2][-]{subsection.7.1}{\376\377\000D\000i\000a\000g\000n\000\363\000s\000t\000i\000c\000o\000s\000\040\000C\000u\000a\000n\000t\000i\000t\000a\000t\000i\000v\000o\000s}{section.7}% 29
\BOOKMARK [1][-]{section.8}{\376\377\000E\000j\000e\000r\000c\000i\000c\000i\000o\000\040\0006\000:\000\040\000G\000r\000a\000d\000i\000e\000n\000t\000e\000\040\000D\000e\000s\000c\000e\000n\000d\000e\000n\000t\000e}{}% 30
\BOOKMARK [2][-]{subsection.8.1}{\376\377\000C\000a\000r\000a\000c\000t\000e\000r\000\355\000s\000t\000i\000c\000a\000s\000\040\000d\000e\000l\000\040\000A\000l\000g\000o\000r\000i\000t\000m\000o}{section.8}% 31
\BOOKMARK [1][-]{section.9}{\376\377\000E\000j\000e\000r\000c\000i\000c\000i\000o\000\040\0007\000:\000\040\000C\000o\000m\000p\000a\000r\000a\000c\000i\000\363\000n\000\040\000M\000C\000M\000C\000\040\000v\000s\000.\000\040\000G\000r\000a\000d\000i\000e\000n\000t\000e}{}% 32
\BOOKMARK [2][-]{subsection.9.1}{\376\377\000C\000o\000n\000c\000o\000r\000d\000a\000n\000c\000i\000a\000\040\000d\000e\000\040\000R\000e\000s\000u\000l\000t\000a\000d\000o\000s}{section.9}% 33
\BOOKMARK [2][-]{subsection.9.2}{\376\377\000V\000e\000n\000t\000a\000j\000a\000s\000\040\000C\000o\000m\000p\000a\000r\000a\000t\000i\000v\000a\000s}{section.9}% 34
\BOOKMARK [1][-]{section.10}{\376\377\000E\000j\000e\000r\000c\000i\000c\000i\000o\000\040\0008\000:\000\040\000T\000e\000o\000r\000e\000m\000a\000\040\000d\000e\000\040\000B\000a\000y\000e\000s\000\040\000-\000\040\000M\000o\000n\000e\000d\000a}{}% 35
\BOOKMARK [2][-]{subsection.10.1}{\376\377\000P\000r\000i\000o\000r\000s\000\040\000U\000t\000i\000l\000i\000z\000a\000d\000o\000s}{section.10}% 36
\BOOKMARK [2][-]{subsection.10.2}{\376\377\000I\000m\000p\000a\000c\000t\000o\000\040\000d\000e\000l\000\040\000P\000r\000i\000o\000r}{section.10}% 37
\BOOKMARK [1][-]{section.11}{\376\377\000E\000j\000e\000r\000c\000i\000c\000i\000o\000\040\0009\000:\000\040\000F\000r\000e\000c\000u\000e\000n\000t\000i\000s\000t\000a\000\040\000v\000s\000.\000\040\000B\000a\000y\000e\000s\000i\000a\000n\000o}{}% 38
\BOOKMARK [2][-]{subsection.11.1}{\376\377\000M\000\351\000t\000o\000d\000o\000s\000\040\000C\000o\000m\000p\000a\000r\000a\000d\000o\000s}{section.11}% 39
\BOOKMARK [2][-]{subsection.11.2}{\376\377\000I\000n\000t\000e\000r\000p\000r\000e\000t\000a\000c\000i\000o\000n\000e\000s\000\040\000D\000i\000f\000e\000r\000e\000n\000t\000e\000s}{section.11}% 40
\BOOKMARK [1][-]{section.12}{\376\377\000C\000o\000n\000c\000l\000u\000s\000i\000o\000n\000e\000s}{}% 41
